<?xml version="1.0" encoding="UTF-8"?>
<testng-results ignored="0" total="1" passed="1" failed="0" skipped="0">
  <reporter-output>
  </reporter-output>
  <suite started-at="2021-08-28T19:45:32 IST" name="Default suite" finished-at="2021-08-28T19:45:32 IST" duration-ms="28">
    <groups>
    </groups>
    <test started-at="2021-08-28T19:45:32 IST" name="Default test" finished-at="2021-08-28T19:45:32 IST" duration-ms="28">
      <class name="TestNGClass">
        <test-method is-config="true" signature="test1()[pri:0, instance:TestNGClass@20f5239f]" started-at="2021-08-28T19:45:32 IST" name="test1" finished-at="2021-08-28T19:45:32 IST" duration-ms="4" status="PASS">
          <reporter-output>
          </reporter-output>
        </test-method> <!-- test1 -->
        <test-method signature="test2()[pri:0, instance:TestNGClass@20f5239f]" started-at="2021-08-28T19:45:32 IST" name="test2" finished-at="2021-08-28T19:45:32 IST" duration-ms="3" status="PASS">
          <reporter-output>
          </reporter-output>
        </test-method> <!-- test2 -->
        <test-method is-config="true" signature="test()[pri:0, instance:TestNGClass@20f5239f]" started-at="2021-08-28T19:45:32 IST" name="test" finished-at="2021-08-28T19:45:32 IST" duration-ms="0" status="PASS">
          <reporter-output>
          </reporter-output>
        </test-method> <!-- test -->
      </class> <!-- TestNGClass -->
    </test> <!-- Default test -->
  </suite> <!-- Default suite -->
</testng-results>
