<?xml version="1.0" encoding="UTF-8"?>
<testng-results ignored="0" total="1" passed="1" failed="0" skipped="0">
  <reporter-output>
  </reporter-output>
  <suite started-at="2021-08-31T21:11:20 IST" name="Suite" finished-at="2021-08-31T21:11:20 IST" duration-ms="27">
    <groups>
    </groups>
    <test started-at="2021-08-31T21:11:20 IST" name="Test" finished-at="2021-08-31T21:11:20 IST" duration-ms="27">
      <class name="testng.Testngdemo">
        <test-method is-config="true" signature="beforeTest()[pri:0, instance:testng.Testngdemo@4bb33f74]" started-at="2021-08-31T21:11:20 IST" name="beforeTest" finished-at="2021-08-31T21:11:20 IST" duration-ms="6" status="PASS">
          <reporter-output>
          </reporter-output>
        </test-method> <!-- beforeTest -->
        <test-method is-config="true" signature="beforeClass()[pri:0, instance:testng.Testngdemo@4bb33f74]" started-at="2021-08-31T21:11:20 IST" name="beforeClass" finished-at="2021-08-31T21:11:20 IST" duration-ms="1" status="PASS">
          <reporter-output>
          </reporter-output>
        </test-method> <!-- beforeClass -->
        <test-method signature="f()[pri:0, instance:testng.Testngdemo@4bb33f74]" started-at="2021-08-31T21:11:20 IST" name="f" finished-at="2021-08-31T21:11:20 IST" duration-ms="1" status="PASS">
          <reporter-output>
          </reporter-output>
        </test-method> <!-- f -->
        <test-method is-config="true" signature="beforeMethod()[pri:0, instance:testng.Testngdemo@4bb33f74]" started-at="2021-08-31T21:11:20 IST" name="beforeMethod" finished-at="2021-08-31T21:11:20 IST" duration-ms="0" status="PASS">
          <reporter-output>
          </reporter-output>
        </test-method> <!-- beforeMethod -->
        <test-method is-config="true" signature="afterMethod()[pri:0, instance:testng.Testngdemo@4bb33f74]" started-at="2021-08-31T21:11:20 IST" name="afterMethod" finished-at="2021-08-31T21:11:20 IST" duration-ms="1" status="PASS">
          <reporter-output>
          </reporter-output>
        </test-method> <!-- afterMethod -->
        <test-method is-config="true" signature="afterClass()[pri:0, instance:testng.Testngdemo@4bb33f74]" started-at="2021-08-31T21:11:20 IST" name="afterClass" finished-at="2021-08-31T21:11:20 IST" duration-ms="0" status="PASS">
          <reporter-output>
          </reporter-output>
        </test-method> <!-- afterClass -->
        <test-method is-config="true" signature="afterTest()[pri:0, instance:testng.Testngdemo@4bb33f74]" started-at="2021-08-31T21:11:20 IST" name="afterTest" finished-at="2021-08-31T21:11:20 IST" duration-ms="0" status="PASS">
          <reporter-output>
          </reporter-output>
        </test-method> <!-- afterTest -->
      </class> <!-- testng.Testngdemo -->
    </test> <!-- Test -->
  </suite> <!-- Suite -->
</testng-results>
